<?xml version="1.0" encoding="UTF-8"?>
<!-- Generated by org.testng.reporters.JUnitReportReporter -->
<testsuite hostname="DESKTOP-C8AFJFT" failures="0" tests="1" name="BasicAutomation.BasicAutomation_Daraz.TC_001_Test" time="223.218" errors="0" timestamp="2021-12-04T00:02:07 PST" skipped="0">
  <testcase classname="BasicAutomation.BasicAutomation_Daraz.TC_001_Test" name="daraz" time="223.218"/>
  <system-out/>
</testsuite> <!-- BasicAutomation.BasicAutomation_Daraz.TC_001_Test -->
